\BOOKMARK [1][-]{section.1}{Abstract}{}% 1
\BOOKMARK [1][-]{section.2}{Utenti destinatari}{}% 2
\BOOKMARK [1][-]{section.3}{Accessibilit\340}{}% 3
\BOOKMARK [2][-]{subsection.3.1}{Separazione tra contenuto, presentazione e struttura}{section.3}% 4
\BOOKMARK [2][-]{subsection.3.2}{Breadcrumb}{section.3}% 5
\BOOKMARK [2][-]{subsection.3.3}{Screen reader}{section.3}% 6
\BOOKMARK [2][-]{subsection.3.4}{Colori}{section.3}% 7
\BOOKMARK [1][-]{section.4}{Fasi di Sviluppo}{}% 8
\BOOKMARK [2][-]{subsection.4.1}{Sviluppo generale}{section.4}% 9
\BOOKMARK [2][-]{subsection.4.2}{Divisione dei compiti}{section.4}% 10
\BOOKMARK [1][-]{section.5}{Struttura}{}% 11
\BOOKMARK [2][-]{subsection.5.1}{Gerarchia dei File}{section.5}% 12
\BOOKMARK [2][-]{subsection.5.2}{Scelta HTML5}{section.5}% 13
\BOOKMARK [1][-]{section.6}{Presentazione}{}% 14
\BOOKMARK [2][-]{subsection.6.1}{style.css}{section.6}% 15
\BOOKMARK [1][-]{section.7}{Comportamento}{}% 16
\BOOKMARK [2][-]{subsection.7.1}{PHP}{section.7}% 17
\BOOKMARK [3][-]{subsubsection.7.1.1}{Creazione dinamica pagine}{subsection.7.1}% 18
\BOOKMARK [2][-]{subsection.7.2}{JavaScript}{section.7}% 19
\BOOKMARK [1][-]{section.8}{Rappresentazione dei Dati}{}% 20
\BOOKMARK [1][-]{section.9}{Validazione e test d'utilizzo}{}% 21
\BOOKMARK [2][-]{subsection.9.1}{Utilizzo}{section.9}% 22
\BOOKMARK [2][-]{subsection.9.2}{Password}{section.9}% 23
